1659767800.167672 client started (28573): version 3.2a, socket /tmp/tmux-1000/default, protocol 8
1659767800.167683 on Linux 5.10.102.1-microsoft-standard-WSL2 #1 SMP Wed Mar 2 00:30:59 UTC 2022
1659767800.167686 using libevent 2.1.12-stable (poll); ncurses 6.3
1659767800.167699 flags are 0x18010000
1659767800.167701 socket is /tmp/tmux-1000/default
1659767800.167705 trying connect
1659767800.167710 connect failed: Connection refused
1659767800.167714 lock file is /tmp/tmux-1000/default.lock
1659767800.167727 flock succeeded
1659767800.167729 got lock (7)
1659767800.167731 trying connect
1659767800.167733 connect failed: Connection refused
1659767800.167829 add peer 0x24d0aa0: 8 ((nil))
1659767800.169571 sending message 100 to peer 0x24d0aa0 (4 bytes)
1659767800.169579 sending message 111 to peer 0x24d0aa0 (8 bytes)
1659767800.169581 sending message 101 to peer 0x24d0aa0 (15 bytes)
1659767800.169583 sending message 109 to peer 0x24d0aa0 (4 bytes)
1659767800.169585 sending message 102 to peer 0x24d0aa0 (11 bytes)
1659767800.169586 sending message 108 to peer 0x24d0aa0 (18 bytes)
1659767800.169588 sending message 112 to peer 0x24d0aa0 (58 bytes)
1659767800.169590 sending message 112 to peer 0x24d0aa0 (5 bytes)
1659767800.169591 sending message 112 to peer 0x24d0aa0 (5 bytes)
1659767800.169593 sending message 112 to peer 0x24d0aa0 (6 bytes)
1659767800.169594 sending message 112 to peer 0x24d0aa0 (6 bytes)
1659767800.169596 sending message 112 to peer 0x24d0aa0 (11 bytes)
1659767800.169597 sending message 112 to peer 0x24d0aa0 (10 bytes)
1659767800.169599 sending message 112 to peer 0x24d0aa0 (13 bytes)
1659767800.169601 sending message 112 to peer 0x24d0aa0 (14 bytes)
1659767800.169602 sending message 112 to peer 0x24d0aa0 (19 bytes)
1659767800.169604 sending message 112 to peer 0x24d0aa0 (11 bytes)
1659767800.169605 sending message 112 to peer 0x24d0aa0 (10 bytes)
1659767800.169607 sending message 112 to peer 0x24d0aa0 (15 bytes)
1659767800.169608 sending message 112 to peer 0x24d0aa0 (21 bytes)
1659767800.169610 sending message 112 to peer 0x24d0aa0 (13 bytes)
1659767800.169612 sending message 112 to peer 0x24d0aa0 (7 bytes)
1659767800.169614 sending message 112 to peer 0x24d0aa0 (13 bytes)
1659767800.169615 sending message 112 to peer 0x24d0aa0 (7 bytes)
1659767800.169617 sending message 112 to peer 0x24d0aa0 (13 bytes)
1659767800.169618 sending message 112 to peer 0x24d0aa0 (9 bytes)
1659767800.169620 sending message 112 to peer 0x24d0aa0 (21 bytes)
1659767800.169622 sending message 112 to peer 0x24d0aa0 (13 bytes)
1659767800.169623 sending message 112 to peer 0x24d0aa0 (9 bytes)
1659767800.169625 sending message 112 to peer 0x24d0aa0 (16 bytes)
1659767800.169626 sending message 112 to peer 0x24d0aa0 (13 bytes)
1659767800.169628 sending message 112 to peer 0x24d0aa0 (9 bytes)
1659767800.169629 sending message 112 to peer 0x24d0aa0 (9 bytes)
1659767800.169631 sending message 112 to peer 0x24d0aa0 (12 bytes)
1659767800.169633 sending message 112 to peer 0x24d0aa0 (8 bytes)
1659767800.169634 sending message 112 to peer 0x24d0aa0 (8 bytes)
1659767800.169636 sending message 112 to peer 0x24d0aa0 (13 bytes)
1659767800.169637 sending message 112 to peer 0x24d0aa0 (7 bytes)
1659767800.169639 sending message 112 to peer 0x24d0aa0 (7 bytes)
1659767800.169640 sending message 112 to peer 0x24d0aa0 (9 bytes)
1659767800.169642 sending message 112 to peer 0x24d0aa0 (9 bytes)
1659767800.169644 sending message 112 to peer 0x24d0aa0 (15 bytes)
1659767800.169645 sending message 112 to peer 0x24d0aa0 (13 bytes)
1659767800.169647 sending message 112 to peer 0x24d0aa0 (12 bytes)
1659767800.169648 sending message 112 to peer 0x24d0aa0 (8 bytes)
1659767800.169650 sending message 112 to peer 0x24d0aa0 (14 bytes)
1659767800.169652 sending message 112 to peer 0x24d0aa0 (11 bytes)
1659767800.169653 sending message 112 to peer 0x24d0aa0 (9 bytes)
1659767800.169655 sending message 112 to peer 0x24d0aa0 (10 bytes)
1659767800.169656 sending message 112 to peer 0x24d0aa0 (10 bytes)
1659767800.169658 sending message 112 to peer 0x24d0aa0 (10 bytes)
1659767800.169667 sending message 112 to peer 0x24d0aa0 (10 bytes)
1659767800.169675 sending message 112 to peer 0x24d0aa0 (11 bytes)
1659767800.169677 sending message 112 to peer 0x24d0aa0 (12 bytes)
1659767800.169679 sending message 112 to peer 0x24d0aa0 (12 bytes)
1659767800.169681 sending message 112 to peer 0x24d0aa0 (12 bytes)
1659767800.169682 sending message 112 to peer 0x24d0aa0 (12 bytes)
1659767800.169684 sending message 112 to peer 0x24d0aa0 (12 bytes)
1659767800.169686 sending message 112 to peer 0x24d0aa0 (11 bytes)
1659767800.169687 sending message 112 to peer 0x24d0aa0 (11 bytes)
1659767800.169689 sending message 112 to peer 0x24d0aa0 (12 bytes)
1659767800.169691 sending message 112 to peer 0x24d0aa0 (12 bytes)
1659767800.169692 sending message 112 to peer 0x24d0aa0 (12 bytes)
1659767800.169694 sending message 112 to peer 0x24d0aa0 (12 bytes)
1659767800.169695 sending message 112 to peer 0x24d0aa0 (12 bytes)
1659767800.169697 sending message 112 to peer 0x24d0aa0 (9 bytes)
1659767800.169699 sending message 112 to peer 0x24d0aa0 (12 bytes)
1659767800.169700 sending message 112 to peer 0x24d0aa0 (13 bytes)
1659767800.169702 sending message 112 to peer 0x24d0aa0 (13 bytes)
1659767800.169703 sending message 112 to peer 0x24d0aa0 (13 bytes)
1659767800.169705 sending message 112 to peer 0x24d0aa0 (13 bytes)
1659767800.169706 sending message 112 to peer 0x24d0aa0 (13 bytes)
1659767800.169708 sending message 112 to peer 0x24d0aa0 (8 bytes)
1659767800.169710 sending message 112 to peer 0x24d0aa0 (11 bytes)
1659767800.169711 sending message 112 to peer 0x24d0aa0 (11 bytes)
1659767800.169713 sending message 112 to peer 0x24d0aa0 (11 bytes)
1659767800.169715 sending message 112 to peer 0x24d0aa0 (12 bytes)
1659767800.169716 sending message 112 to peer 0x24d0aa0 (12 bytes)
1659767800.169718 sending message 112 to peer 0x24d0aa0 (12 bytes)
1659767800.169719 sending message 112 to peer 0x24d0aa0 (12 bytes)
1659767800.169721 sending message 112 to peer 0x24d0aa0 (13 bytes)
1659767800.169723 sending message 112 to peer 0x24d0aa0 (13 bytes)
1659767800.169724 sending message 112 to peer 0x24d0aa0 (13 bytes)
1659767800.169726 sending message 112 to peer 0x24d0aa0 (8 bytes)
1659767800.169728 sending message 112 to peer 0x24d0aa0 (13 bytes)
1659767800.169729 sending message 112 to peer 0x24d0aa0 (13 bytes)
1659767800.169731 sending message 112 to peer 0x24d0aa0 (13 bytes)
1659767800.169732 sending message 112 to peer 0x24d0aa0 (13 bytes)
1659767800.169734 sending message 112 to peer 0x24d0aa0 (13 bytes)
1659767800.169736 sending message 112 to peer 0x24d0aa0 (12 bytes)
1659767800.169737 sending message 112 to peer 0x24d0aa0 (12 bytes)
1659767800.169739 sending message 112 to peer 0x24d0aa0 (12 bytes)
1659767800.169740 sending message 112 to peer 0x24d0aa0 (12 bytes)
1659767800.169742 sending message 112 to peer 0x24d0aa0 (13 bytes)
1659767800.169744 sending message 112 to peer 0x24d0aa0 (8 bytes)
1659767800.169745 sending message 112 to peer 0x24d0aa0 (13 bytes)
1659767800.169747 sending message 112 to peer 0x24d0aa0 (13 bytes)
1659767800.169748 sending message 112 to peer 0x24d0aa0 (13 bytes)
1659767800.169750 sending message 112 to peer 0x24d0aa0 (13 bytes)
1659767800.169751 sending message 112 to peer 0x24d0aa0 (13 bytes)
1659767800.169753 sending message 112 to peer 0x24d0aa0 (13 bytes)
1659767800.169755 sending message 112 to peer 0x24d0aa0 (13 bytes)
1659767800.169756 sending message 112 to peer 0x24d0aa0 (12 bytes)
1659767800.169758 sending message 112 to peer 0x24d0aa0 (12 bytes)
1659767800.169759 sending message 112 to peer 0x24d0aa0 (12 bytes)
1659767800.169761 sending message 112 to peer 0x24d0aa0 (8 bytes)
1659767800.169763 sending message 112 to peer 0x24d0aa0 (12 bytes)
1659767800.169764 sending message 112 to peer 0x24d0aa0 (13 bytes)
1659767800.169766 sending message 112 to peer 0x24d0aa0 (13 bytes)
1659767800.169768 sending message 112 to peer 0x24d0aa0 (13 bytes)
1659767800.169769 sending message 112 to peer 0x24d0aa0 (13 bytes)
1659767800.169771 sending message 112 to peer 0x24d0aa0 (13 bytes)
1659767800.169772 sending message 112 to peer 0x24d0aa0 (13 bytes)
1659767800.169776 sending message 112 to peer 0x24d0aa0 (13 bytes)
1659767800.169778 sending message 112 to peer 0x24d0aa0 (13 bytes)
1659767800.169779 sending message 112 to peer 0x24d0aa0 (12 bytes)
1659767800.169781 sending message 112 to peer 0x24d0aa0 (10 bytes)
1659767800.169782 sending message 112 to peer 0x24d0aa0 (12 bytes)
1659767800.169784 sending message 112 to peer 0x24d0aa0 (12 bytes)
1659767800.169785 sending message 112 to peer 0x24d0aa0 (12 bytes)
1659767800.169787 sending message 112 to peer 0x24d0aa0 (13 bytes)
1659767800.169789 sending message 112 to peer 0x24d0aa0 (13 bytes)
1659767800.169790 sending message 112 to peer 0x24d0aa0 (13 bytes)
1659767800.169792 sending message 112 to peer 0x24d0aa0 (13 bytes)
1659767800.169793 sending message 112 to peer 0x24d0aa0 (13 bytes)
1659767800.169795 sending message 112 to peer 0x24d0aa0 (13 bytes)
1659767800.169796 sending message 112 to peer 0x24d0aa0 (13 bytes)
1659767800.169798 sending message 112 to peer 0x24d0aa0 (10 bytes)
1659767800.169799 sending message 112 to peer 0x24d0aa0 (13 bytes)
1659767800.169801 sending message 112 to peer 0x24d0aa0 (12 bytes)
1659767800.169803 sending message 112 to peer 0x24d0aa0 (12 bytes)
1659767800.169804 sending message 112 to peer 0x24d0aa0 (12 bytes)
1659767800.169806 sending message 112 to peer 0x24d0aa0 (10 bytes)
1659767800.169808 sending message 112 to peer 0x24d0aa0 (10 bytes)
1659767800.169809 sending message 112 to peer 0x24d0aa0 (10 bytes)
1659767800.169811 sending message 112 to peer 0x24d0aa0 (12 bytes)
1659767800.169812 sending message 112 to peer 0x24d0aa0 (13 bytes)
1659767800.169814 sending message 112 to peer 0x24d0aa0 (13 bytes)
1659767800.169815 sending message 112 to peer 0x24d0aa0 (13 bytes)
1659767800.169817 sending message 112 to peer 0x24d0aa0 (13 bytes)
1659767800.169819 sending message 112 to peer 0x24d0aa0 (13 bytes)
1659767800.169820 sending message 112 to peer 0x24d0aa0 (10 bytes)
1659767800.169822 sending message 112 to peer 0x24d0aa0 (11 bytes)
1659767800.169823 sending message 112 to peer 0x24d0aa0 (12 bytes)
1659767800.169825 sending message 112 to peer 0x24d0aa0 (12 bytes)
1659767800.169826 sending message 112 to peer 0x24d0aa0 (12 bytes)
1659767800.169828 sending message 112 to peer 0x24d0aa0 (12 bytes)
1659767800.169830 sending message 112 to peer 0x24d0aa0 (12 bytes)
1659767800.169831 sending message 112 to peer 0x24d0aa0 (11 bytes)
1659767800.169833 sending message 112 to peer 0x24d0aa0 (12 bytes)
1659767800.169834 sending message 112 to peer 0x24d0aa0 (12 bytes)
1659767800.169836 sending message 112 to peer 0x24d0aa0 (13 bytes)
1659767800.169838 sending message 112 to peer 0x24d0aa0 (13 bytes)
1659767800.169839 sending message 112 to peer 0x24d0aa0 (13 bytes)
1659767800.169841 sending message 112 to peer 0x24d0aa0 (13 bytes)
1659767800.169842 sending message 112 to peer 0x24d0aa0 (13 bytes)
1659767800.169844 sending message 112 to peer 0x24d0aa0 (10 bytes)
1659767800.169846 sending message 112 to peer 0x24d0aa0 (9 bytes)
1659767800.169847 sending message 112 to peer 0x24d0aa0 (12 bytes)
1659767800.169849 sending message 112 to peer 0x24d0aa0 (13 bytes)
1659767800.169851 sending message 112 to peer 0x24d0aa0 (13 bytes)
1659767800.169852 sending message 112 to peer 0x24d0aa0 (13 bytes)
1659767800.169854 sending message 112 to peer 0x24d0aa0 (13 bytes)
1659767800.169856 sending message 112 to peer 0x24d0aa0 (13 bytes)
1659767800.169857 sending message 112 to peer 0x24d0aa0 (9 bytes)
1659767800.169859 sending message 112 to peer 0x24d0aa0 (12 bytes)
1659767800.169861 sending message 112 to peer 0x24d0aa0 (13 bytes)
1659767800.169862 sending message 112 to peer 0x24d0aa0 (13 bytes)
1659767800.169864 sending message 112 to peer 0x24d0aa0 (13 bytes)
1659767800.169866 sending message 112 to peer 0x24d0aa0 (13 bytes)
1659767800.169867 sending message 112 to peer 0x24d0aa0 (13 bytes)
1659767800.169869 sending message 112 to peer 0x24d0aa0 (11 bytes)
1659767800.169871 sending message 112 to peer 0x24d0aa0 (12 bytes)
1659767800.169872 sending message 112 to peer 0x24d0aa0 (13 bytes)
1659767800.169875 sending message 112 to peer 0x24d0aa0 (13 bytes)
1659767800.169877 sending message 112 to peer 0x24d0aa0 (13 bytes)
1659767800.169879 sending message 112 to peer 0x24d0aa0 (13 bytes)
1659767800.169880 sending message 112 to peer 0x24d0aa0 (13 bytes)
1659767800.169882 sending message 112 to peer 0x24d0aa0 (11 bytes)
1659767800.169884 sending message 112 to peer 0x24d0aa0 (12 bytes)
1659767800.169885 sending message 112 to peer 0x24d0aa0 (12 bytes)
1659767800.169887 sending message 112 to peer 0x24d0aa0 (12 bytes)
1659767800.169888 sending message 112 to peer 0x24d0aa0 (12 bytes)
1659767800.169890 sending message 112 to peer 0x24d0aa0 (12 bytes)
1659767800.169892 sending message 112 to peer 0x24d0aa0 (21 bytes)
1659767800.169893 sending message 112 to peer 0x24d0aa0 (12 bytes)
1659767800.169895 sending message 112 to peer 0x24d0aa0 (9 bytes)
1659767800.169897 sending message 112 to peer 0x24d0aa0 (6 bytes)
1659767800.169898 sending message 112 to peer 0x24d0aa0 (13 bytes)
1659767800.169900 sending message 112 to peer 0x24d0aa0 (10 bytes)
1659767800.169901 sending message 112 to peer 0x24d0aa0 (24 bytes)
1659767800.169903 sending message 112 to peer 0x24d0aa0 (13 bytes)
1659767800.169905 sending message 112 to peer 0x24d0aa0 (9 bytes)
1659767800.169907 sending message 112 to peer 0x24d0aa0 (70 bytes)
1659767800.169908 sending message 112 to peer 0x24d0aa0 (69 bytes)
1659767800.169910 sending message 112 to peer 0x24d0aa0 (12 bytes)
1659767800.169911 sending message 112 to peer 0x24d0aa0 (10 bytes)
1659767800.169913 sending message 112 to peer 0x24d0aa0 (10 bytes)
1659767800.169914 sending message 112 to peer 0x24d0aa0 (24 bytes)
1659767800.169916 sending message 112 to peer 0x24d0aa0 (13 bytes)
1659767800.169917 sending message 112 to peer 0x24d0aa0 (10 bytes)
1659767800.169919 sending message 112 to peer 0x24d0aa0 (10 bytes)
1659767800.169921 sending message 112 to peer 0x24d0aa0 (10 bytes)
1659767800.169922 sending message 112 to peer 0x24d0aa0 (13 bytes)
1659767800.169927 sending message 112 to peer 0x24d0aa0 (15 bytes)
1659767800.169930 sending message 112 to peer 0x24d0aa0 (5 bytes)
1659767800.169933 sending message 104 to peer 0x24d0aa0 (0 bytes)
1659767800.169935 sending message 110 to peer 0x24d0aa0 (0 bytes)
1659767800.169937 sending message 107 to peer 0x24d0aa0 (4 bytes)
1659767800.169939 sending message 105 to peer 0x24d0aa0 (16 bytes)
1659767800.169940 sending message 105 to peer 0x24d0aa0 (58 bytes)
1659767800.169942 sending message 105 to peer 0x24d0aa0 (23 bytes)
1659767800.169944 sending message 105 to peer 0x24d0aa0 (48 bytes)
1659767800.169945 sending message 105 to peer 0x24d0aa0 (12 bytes)
1659767800.169947 sending message 105 to peer 0x24d0aa0 (12 bytes)
1659767800.169948 sending message 105 to peer 0x24d0aa0 (22 bytes)
1659767800.169950 sending message 105 to peer 0x24d0aa0 (12 bytes)
1659767800.169952 sending message 105 to peer 0x24d0aa0 (15 bytes)
1659767800.169953 sending message 105 to peer 0x24d0aa0 (13 bytes)
1659767800.169955 sending message 105 to peer 0x24d0aa0 (34 bytes)
1659767800.169957 sending message 105 to peer 0x24d0aa0 (1506 bytes)
1659767800.169958 sending message 105 to peer 0x24d0aa0 (26 bytes)
1659767800.169960 sending message 105 to peer 0x24d0aa0 (30 bytes)
1659767800.169962 sending message 105 to peer 0x24d0aa0 (23 bytes)
1659767800.169963 sending message 105 to peer 0x24d0aa0 (34 bytes)
1659767800.169965 sending message 105 to peer 0x24d0aa0 (51 bytes)
1659767800.169966 sending message 105 to peer 0x24d0aa0 (20 bytes)
1659767800.169968 sending message 105 to peer 0x24d0aa0 (32 bytes)
1659767800.169970 sending message 105 to peer 0x24d0aa0 (9 bytes)
1659767800.169971 sending message 105 to peer 0x24d0aa0 (22 bytes)
1659767800.169973 sending message 105 to peer 0x24d0aa0 (11 bytes)
1659767800.169974 sending message 105 to peer 0x24d0aa0 (8 bytes)
1659767800.169976 sending message 105 to peer 0x24d0aa0 (14 bytes)
1659767800.169977 sending message 105 to peer 0x24d0aa0 (29 bytes)
1659767800.169979 sending message 105 to peer 0x24d0aa0 (38 bytes)
1659767800.169983 sending message 105 to peer 0x24d0aa0 (33 bytes)
1659767800.169984 sending message 105 to peer 0x24d0aa0 (65 bytes)
1659767800.169986 sending message 105 to peer 0x24d0aa0 (547 bytes)
1659767800.169988 sending message 105 to peer 0x24d0aa0 (49 bytes)
1659767800.169989 sending message 105 to peer 0x24d0aa0 (16 bytes)
1659767800.169991 sending message 105 to peer 0x24d0aa0 (35 bytes)
1659767800.169993 sending message 105 to peer 0x24d0aa0 (53 bytes)
1659767800.169994 sending message 105 to peer 0x24d0aa0 (17 bytes)
1659767800.169996 sending message 106 to peer 0x24d0aa0 (0 bytes)
1659767800.170001 sending message 200 to peer 0x24d0aa0 (4 bytes)
1659767800.170003 client loop enter
1659767800.170025 client_signal: Child exited
1659767800.947477 peer 0x24d0aa0 message 207
1659767800.947484 sending message 208 to peer 0x24d0aa0 (0 bytes)
1659767807.997740 peer 0x24d0aa0 message 203
1659767807.997749 sending message 205 to peer 0x24d0aa0 (0 bytes)
1659767807.997959 peer 0x24d0aa0 message 204
1659767807.997963 client loop exit
